<?xml version="1.0" encoding="UTF-8"?>
<!-- Generated by org.testng.reporters.JUnitReportReporter -->
<testsuite hostname="DESKTOP-RFCV7TH" failures="0" tests="1" name="testscript.Dashboard" time="15.176" errors="0" timestamp="2024-11-26T14:22:12 IST" skipped="0">
  <testcase classname="testscript.Dashboard" name="verify_LoginPage_with_invalid_username_and_invalid_password" time="15.176"/>
</testsuite> <!-- testscript.Dashboard -->
