<?xml version="1.0" encoding="UTF-8"?>
<!-- Generated by org.testng.reporters.JUnitReportReporter -->
<testsuite hostname="DESKTOP-RFCV7TH" failures="0" tests="2" name="testscript.LoginTest" time="20.908" errors="0" timestamp="2024-12-01T12:34:40 IST" skipped="0">
  <testcase classname="testscript.LoginTest" name="verifyLoginWithValidUsernameAndValidPassword" time="10.036"/>
  <testcase classname="testscript.LoginTest" name="verifyUnableToLoginWithInvalidUsernameAndValidPassword" time="10.872"/>
</testsuite> <!-- testscript.LoginTest -->
