<?xml version="1.0" encoding="UTF-8"?>
<!-- Generated by org.testng.reporters.JUnitReportReporter -->
<testsuite hostname="DESKTOP-RFCV7TH" failures="0" tests="2" name="testscript.KitchenTest" time="23.233" errors="0" timestamp="2024-11-30T23:05:54 IST" skipped="0">
  <testcase classname="testscript.KitchenTest" name="verifyViewEachOrderDetail" time="12.178"/>
  <testcase classname="testscript.KitchenTest" name="verifyViewAllOrders" time="11.055"/>
</testsuite> <!-- testscript.KitchenTest -->
