<?xml version="1.0" encoding="UTF-8"?>
<!-- Generated by org.testng.reporters.JUnitReportReporter -->
<testsuite hostname="DESKTOP-RFCV7TH" failures="0" tests="1" name="testscript.KitchenTest" time="13.294" errors="0" timestamp="2024-12-04T11:22:42 IST" skipped="0">
  <testcase classname="testscript.KitchenTest" name="verifyViewEachOrderDetail" time="13.294"/>
</testsuite> <!-- testscript.KitchenTest -->
