<?xml version="1.0" encoding="UTF-8"?>
<!-- Generated by org.testng.reporters.JUnitReportReporter -->
<testsuite hostname="DESKTOP-RFCV7TH" failures="0" tests="1" name="testscript.LoginPage" time="23.329" errors="0" timestamp="2024-11-26T14:34:22 IST" skipped="0">
  <testcase classname="testscript.LoginPage" name="verify_LoginPage_with_valid_username_and_valid_password" time="23.329"/>
</testsuite> <!-- testscript.LoginPage -->
