<?xml version="1.0" encoding="UTF-8"?>
<!-- Generated by org.testng.reporters.JUnitReportReporter -->
<testsuite hostname="DESKTOP-RFCV7TH" failures="0" tests="2" name="testscript.LoginTest" time="32.816" errors="0" timestamp="2024-12-04T14:16:49 IST" skipped="0">
  <testcase classname="testscript.LoginTest" name="verifyUnableToLoginWithInvalidUsernameAndInvalidPassword" time="15.813"/>
  <testcase classname="testscript.LoginTest" name="verifyUnableToLoginWithInvalidUsernameAndInvalidPassword" time="17.003"/>
</testsuite> <!-- testscript.LoginTest -->
