<?xml version="1.0" encoding="UTF-8"?>
<!-- Generated by org.testng.reporters.JUnitReportReporter -->
<testsuite hostname="DESKTOP-RFCV7TH" failures="0" tests="1" name="testscript.UserManagementTest" time="20.175" errors="0" timestamp="2024-12-01T14:11:06 IST" skipped="0">
  <testcase classname="testscript.UserManagementTest" name="verifyAddNewUser" time="20.175"/>
</testsuite> <!-- testscript.UserManagementTest -->
