<?xml version="1.0" encoding="UTF-8"?>
<!-- Generated by org.testng.reporters.JUnitReportReporter -->
<testsuite hostname="DESKTOP-RFCV7TH" failures="0" tests="1" name="testscript.AdminUpdatePageTest" time="23.045" errors="0" timestamp="2024-09-25T14:55:10 IST" skipped="0">
  <testcase classname="testscript.AdminUpdatePageTest" name="verify_adminUpdate_Page" time="23.045"/>
  <system-out/>
</testsuite> <!-- testscript.AdminUpdatePageTest -->
