<?xml version="1.0" encoding="UTF-8"?>
<!-- Generated by org.testng.reporters.JUnitReportReporter -->
<testsuite hostname="DESKTOP-RFCV7TH" failures="0" tests="1" name="testscript.StockTransferPageTest" time="19.691" errors="0" timestamp="2024-09-26T14:36:43 IST" skipped="0">
  <testcase classname="testscript.StockTransferPageTest" name="verify_list_StockTransfer" time="19.691"/>
  <system-out/>
</testsuite> <!-- testscript.StockTransferPageTest -->
