<?xml version="1.0" encoding="UTF-8"?>
<!-- Generated by org.testng.reporters.JUnitReportReporter -->
<testsuite hostname="DESKTOP-RFCV7TH" failures="0" tests="1" name="testscript.AddUserPageTest" time="26.078" errors="0" timestamp="2024-12-02T09:38:45 IST" skipped="0">
  <testcase classname="testscript.AddUserPageTest" name="verify_add_user" time="26.078"/>
  <system-out/>
</testsuite> <!-- testscript.AddUserPageTest -->
