<?xml version="1.0" encoding="UTF-8"?>
<!-- Generated by org.testng.reporters.JUnitReportReporter -->
<testsuite hostname="DESKTOP-RFCV7TH" failures="0" tests="2" name="testscript.LoginPageTest" time="20.251" errors="0" timestamp="2024-12-01T14:44:18 IST" skipped="1">
  <testcase classname="testscript.LoginPageTest" name="verify_Login_With_Valid_Credentials" time="20.251"/>
  <system-out/>
  <testcase classname="testscript.LoginPageTest" name="verify_errorMessage_whileLogin_withInvalid_credentials">
    <skipped/>
  </testcase> <!-- verify_errorMessage_whileLogin_withInvalid_credentials -->
  <system-out/>
</testsuite> <!-- testscript.LoginPageTest -->
