<?xml version="1.0" encoding="UTF-8"?>
<!-- Generated by org.testng.reporters.JUnitReportReporter -->
<testsuite hostname="DESKTOP-RFCV7TH" failures="0" tests="1" name="testscript.UserActionsPageTest" time="20.775" errors="0" timestamp="2024-10-14T11:27:30 IST" skipped="0">
  <testcase classname="testscript.UserActionsPageTest" name="verify_ViewUser_Page" time="20.775"/>
  <system-out/>
</testsuite> <!-- testscript.UserActionsPageTest -->
