<?xml version="1.0" encoding="UTF-8"?>
<!-- Generated by org.testng.reporters.JUnitReportReporter -->
<testsuite hostname="DESKTOP-RFCV7TH" failures="0" tests="1" name="testscript.KitchenPageTest" time="19.185" errors="0" timestamp="2024-09-25T14:46:31 IST" skipped="0">
  <testcase classname="testscript.KitchenPageTest" name="verify_kitchen_Order" time="19.185"/>
  <system-out/>
</testsuite> <!-- testscript.KitchenPageTest -->
