<?xml version="1.0" encoding="UTF-8"?>
<!-- Generated by org.testng.reporters.JUnitReportReporter -->
<testsuite hostname="DESKTOP-RFCV7TH" failures="0" tests="2" name="testscript.AddUserPageTest" time="48.250" errors="0" timestamp="2024-10-14T11:27:30 IST" skipped="0">
  <testcase classname="testscript.AddUserPageTest" name="verify_userLogin_withNewly_Added_user" time="27.133"/>
  <system-out/>
  <testcase classname="testscript.AddUserPageTest" name="verify_add_user" time="21.117"/>
  <system-out/>
</testsuite> <!-- testscript.AddUserPageTest -->
