<?xml version="1.0" encoding="UTF-8"?>
<!-- Generated by org.testng.reporters.JUnitReportReporter -->
<testsuite hostname="DESKTOP-RFCV7TH" failures="0" tests="2" name="testscript.ResetPageTest" time="22.088" errors="0" timestamp="2024-09-26T14:34:03 IST" skipped="0">
  <testcase classname="testscript.ResetPageTest" name="verify_errorMsg_withInvalid_emailAddress" time="11.923"/>
  <system-out/>
  <testcase classname="testscript.ResetPageTest" name="verify_paswrdReset_withValid_emailAddress" time="10.165"/>
  <system-out/>
</testsuite> <!-- testscript.ResetPageTest -->
